<?xml version="1.0" encoding="UTF-8"?>
<testng-results skipped="0" failed="0" total="1" passed="1">
  <reporter-output>
    <line>
      <![CDATA[Page title is not matched]]>
    </line>
    <line>
      <![CDATA[Page title is not matched]]>
    </line>
    <line>
      <![CDATA[Page title is not matched]]>
    </line>
    <line>
      <![CDATA[Page title is not matched]]>
    </line>
    <line>
      <![CDATA[Page title is not matched]]>
    </line>
    <line>
      <![CDATA[Page title is not matched]]>
    </line>
    <line>
      <![CDATA[Page title is not matched]]>
    </line>
    <line>
      <![CDATA[Page title is not matched]]>
    </line>
    <line>
      <![CDATA[Page title is not matched]]>
    </line>
    <line>
      <![CDATA[Page title is not matched]]>
    </line>
    <line>
      <![CDATA[Page title is not matched]]>
    </line>
    <line>
      <![CDATA[Page title is not matched]]>
    </line>
    <line>
      <![CDATA[Page title is not matched]]>
    </line>
    <line>
      <![CDATA[Page title is not matched]]>
    </line>
    <line>
      <![CDATA[Page title is not matched]]>
    </line>
    <line>
      <![CDATA[Page title is not matched]]>
    </line>
  </reporter-output>
  <suite name="Suite" duration-ms="21352" started-at="2018-05-17T10:45:22Z" finished-at="2018-05-17T10:45:43Z">
    <groups>
    </groups>
    <test name="Test" duration-ms="21352" started-at="2018-05-17T10:45:22Z" finished-at="2018-05-17T10:45:43Z">
      <class name="com.mousehover.TestingDropDownTest">
        <test-method status="PASS" signature="menuDataprovider()[pri:0, instance:com.mousehover.TestingDropDownTest@458ad742]" name="menuDataprovider" is-config="true" duration-ms="6" started-at="2018-05-17T16:15:22Z" finished-at="2018-05-17T16:15:22Z">
          <reporter-output>
          </reporter-output>
        </test-method> <!-- menuDataprovider -->
        <test-method status="PASS" signature="openBroser()[pri:0, instance:com.mousehover.TestingDropDownTest@458ad742]" name="openBroser" is-config="true" duration-ms="7285" started-at="2018-05-17T16:15:22Z" finished-at="2018-05-17T16:15:29Z">
          <reporter-output>
          </reporter-output>
        </test-method> <!-- openBroser -->
        <test-method status="PASS" signature="menuItem()[pri:0, instance:com.mousehover.TestingDropDownTest@458ad742]" name="menuItem" duration-ms="14040" started-at="2018-05-17T16:15:29Z" finished-at="2018-05-17T16:15:43Z">
          <reporter-output>
            <line>
              <![CDATA[Page title is not matched]]>
            </line>
            <line>
              <![CDATA[Page title is not matched]]>
            </line>
            <line>
              <![CDATA[Page title is not matched]]>
            </line>
            <line>
              <![CDATA[Page title is not matched]]>
            </line>
            <line>
              <![CDATA[Page title is not matched]]>
            </line>
            <line>
              <![CDATA[Page title is not matched]]>
            </line>
            <line>
              <![CDATA[Page title is not matched]]>
            </line>
            <line>
              <![CDATA[Page title is not matched]]>
            </line>
            <line>
              <![CDATA[Page title is not matched]]>
            </line>
            <line>
              <![CDATA[Page title is not matched]]>
            </line>
            <line>
              <![CDATA[Page title is not matched]]>
            </line>
            <line>
              <![CDATA[Page title is not matched]]>
            </line>
            <line>
              <![CDATA[Page title is not matched]]>
            </line>
            <line>
              <![CDATA[Page title is not matched]]>
            </line>
            <line>
              <![CDATA[Page title is not matched]]>
            </line>
            <line>
              <![CDATA[Page title is not matched]]>
            </line>
          </reporter-output>
        </test-method> <!-- menuItem -->
        <test-method status="PASS" signature="TearDown()[pri:0, instance:com.mousehover.TestingDropDownTest@458ad742]" name="TearDown" is-config="true" duration-ms="17" started-at="2018-05-17T16:15:43Z" finished-at="2018-05-17T16:15:43Z">
          <reporter-output>
          </reporter-output>
        </test-method> <!-- TearDown -->
      </class> <!-- com.mousehover.TestingDropDownTest -->
    </test> <!-- Test -->
  </suite> <!-- Suite -->
</testng-results>
